2020-05-15 20:28:03.665  INFO 12352 --- [restartedMain] com.jk.blog.BlogApplication              : Starting BlogApplication on DESKTOP-JIAKUN with PID 12352 (E:\code\practice\blog\target\classes started by tajku in E:\code\practice\blog)
2020-05-15 20:28:03.668 DEBUG 12352 --- [restartedMain] com.jk.blog.BlogApplication              : Running with Spring Boot v2.2.4.RELEASE, Spring v5.2.3.RELEASE
2020-05-15 20:28:03.669  INFO 12352 --- [restartedMain] com.jk.blog.BlogApplication              : The following profiles are active: pro
2020-05-15 20:28:04.174  INFO 12352 --- [restartedMain] .s.d.r.c.RepositoryConfigurationDelegate : Bootstrapping Spring Data JPA repositories in DEFAULT mode.
2020-05-15 20:28:04.219  INFO 12352 --- [restartedMain] .s.d.r.c.RepositoryConfigurationDelegate : Finished Spring Data repository scanning in 44ms. Found 6 JPA repository interfaces.
2020-05-15 20:28:04.327  INFO 12352 --- [restartedMain] trationDelegate$BeanPostProcessorChecker : Bean 'org.springframework.transaction.annotation.ProxyTransactionManagementConfiguration' of type [org.springframework.transaction.annotation.ProxyTransactionManagementConfiguration] is not eligible for getting processed by all BeanPostProcessors (for example: not eligible for auto-proxying)
2020-05-15 20:28:04.567  INFO 12352 --- [restartedMain] o.s.b.w.embedded.tomcat.TomcatWebServer  : Tomcat initialized with port(s): 8080 (http)
2020-05-15 20:28:04.569  INFO 12352 --- [restartedMain] o.apache.catalina.core.StandardService   : Starting service [Tomcat]
2020-05-15 20:28:04.569  INFO 12352 --- [restartedMain] org.apache.catalina.core.StandardEngine  : Starting Servlet engine: [Apache Tomcat/9.0.30]
2020-05-15 20:28:04.607  INFO 12352 --- [restartedMain] o.a.c.c.C.[Tomcat].[localhost].[/]       : Initializing Spring embedded WebApplicationContext
2020-05-15 20:28:04.608  INFO 12352 --- [restartedMain] o.s.web.context.ContextLoader            : Root WebApplicationContext: initialization completed in 933 ms
2020-05-15 20:28:04.757  INFO 12352 --- [restartedMain] o.hibernate.jpa.internal.util.LogHelper  : HHH000204: Processing PersistenceUnitInfo [name: default]
2020-05-15 20:28:04.770  INFO 12352 --- [restartedMain] com.zaxxer.hikari.HikariDataSource       : HikariPool-2 - Starting...
2020-05-15 20:28:05.299  INFO 12352 --- [restartedMain] com.zaxxer.hikari.HikariDataSource       : HikariPool-2 - Start completed.
2020-05-15 20:28:05.300  INFO 12352 --- [restartedMain] org.hibernate.dialect.Dialect            : HHH000400: Using dialect: org.hibernate.dialect.MySQL5Dialect
2020-05-15 20:28:05.653  INFO 12352 --- [restartedMain] o.h.e.t.j.p.i.JtaPlatformInitiator       : HHH000490: Using JtaPlatform implementation: [org.hibernate.engine.transaction.jta.platform.internal.NoJtaPlatform]
2020-05-15 20:28:05.654  INFO 12352 --- [restartedMain] j.LocalContainerEntityManagerFactoryBean : Initialized JPA EntityManagerFactory for persistence unit 'default'
2020-05-15 20:28:06.617  WARN 12352 --- [restartedMain] JpaBaseConfiguration$JpaWebConfiguration : spring.jpa.open-in-view is enabled by default. Therefore, database queries may be performed during view rendering. Explicitly configure spring.jpa.open-in-view to disable this warning
2020-05-15 20:28:06.928  INFO 12352 --- [restartedMain] o.s.s.concurrent.ThreadPoolTaskExecutor  : Initializing ExecutorService 'applicationTaskExecutor'
2020-05-15 20:28:07.021  INFO 12352 --- [restartedMain] o.s.b.a.w.s.WelcomePageHandlerMapping    : Adding welcome page template: index
2020-05-15 20:28:07.388  INFO 12352 --- [restartedMain] o.s.b.d.a.OptionalLiveReloadServer       : LiveReload server is running on port 35729
2020-05-15 20:28:07.420  INFO 12352 --- [restartedMain] o.s.b.w.embedded.tomcat.TomcatWebServer  : Tomcat started on port(s): 8080 (http) with context path ''
2020-05-15 20:28:07.421  INFO 12352 --- [restartedMain] com.jk.blog.BlogApplication              : Started BlogApplication in 3.825 seconds (JVM running for 2143.781)
2020-05-15 20:28:07.424  INFO 12352 --- [restartedMain] .ConditionEvaluationDeltaLoggingListener : Condition evaluation unchanged
